c:\users\nninn\onedrive\바탕 화면\complexlibwe434343bsync\complexlibwebsync\syntaxaiwebmodule\debug\syntaxaiwebmodule.pch
c:\users\nninn\onedrive\바탕 화면\complexlibwe434343bsync\complexlibwebsync\syntaxaiwebmodule\debug\vc142.pdb
c:\users\nninn\onedrive\바탕 화면\complexlibwe434343bsync\complexlibwebsync\syntaxaiwebmodule\debug\vc142.idb
c:\users\nninn\onedrive\바탕 화면\complexlibwe434343bsync\complexlibwebsync\syntaxaiwebmodule\debug\pch.obj
c:\users\nninn\onedrive\바탕 화면\complexlibwe434343bsync\complexlibwebsync\syntaxaiwebmodule\debug\mainbase.obj
c:\users\nninn\onedrive\바탕 화면\complexlibwe434343bsync\complexlibwebsync\syntaxaiwebmodule\debug\dllmain.obj
c:\users\nninn\onedrive\바탕 화면\complexlibwe434343bsync\complexlibwebsync\syntaxaiwebmodule\debug\chandler.obj
c:\users\nninn\onedrive\바탕 화면\complexlibwe434343bsync\complexlibwebsync\syntaxaiwebmodule\debug\syntaxaiwebmodule.ilk
c:\users\nninn\onedrive\바탕 화면\complexlibwe434343bsync\complexlibwebsync\webserver\syntaxaiwebmodule.dll
c:\users\nninn\onedrive\바탕 화면\complexlibwe434343bsync\complexlibwebsync\webserver\syntaxaiwebmodule.pdb
c:\users\nninn\onedrive\바탕 화면\complexlibwe434343bsync\complexlibwebsync\webserver\syntaxaiwebmodule.lib
c:\users\nninn\onedrive\바탕 화면\complexlibwe434343bsync\complexlibwebsync\webserver\syntaxaiwebmodule.exp
c:\users\nninn\onedrive\바탕 화면\complexlibwe434343bsync\complexlibwebsync\syntaxaiwebmodule\..\webserver\syntaxaiwebmodule.pdb
c:\users\nninn\onedrive\바탕 화면\complexlibwe434343bsync\complexlibwebsync\syntaxaiwebmodule\debug\syntaxai.85c88899.tlog\cl.command.1.tlog
c:\users\nninn\onedrive\바탕 화면\complexlibwe434343bsync\complexlibwebsync\syntaxaiwebmodule\debug\syntaxai.85c88899.tlog\cl.read.1.tlog
c:\users\nninn\onedrive\바탕 화면\complexlibwe434343bsync\complexlibwebsync\syntaxaiwebmodule\debug\syntaxai.85c88899.tlog\cl.write.1.tlog
c:\users\nninn\onedrive\바탕 화면\complexlibwe434343bsync\complexlibwebsync\syntaxaiwebmodule\debug\syntaxai.85c88899.tlog\link.command.1.tlog
c:\users\nninn\onedrive\바탕 화면\complexlibwe434343bsync\complexlibwebsync\syntaxaiwebmodule\debug\syntaxai.85c88899.tlog\link.read.1.tlog
c:\users\nninn\onedrive\바탕 화면\complexlibwe434343bsync\complexlibwebsync\syntaxaiwebmodule\debug\syntaxai.85c88899.tlog\link.write.1.tlog
c:\users\nninn\onedrive\바탕 화면\complexlibwe434343bsync\complexlibwebsync\syntaxaiwebmodule\debug\syntaxai.85c88899.tlog\syntaxaiwebmodule.write.1u.tlog
