c:\users\nninn\onedrive\바탕 화면\endgame (83)\endgame\jwleegui_server\server\server\x64\debug\server.pch
c:\users\nninn\onedrive\바탕 화면\endgame (83)\endgame\jwleegui_server\server\server\x64\debug\vc142.pdb
c:\users\nninn\onedrive\바탕 화면\endgame (83)\endgame\jwleegui_server\server\server\x64\debug\vc142.idb
c:\users\nninn\onedrive\바탕 화면\endgame (83)\endgame\jwleegui_server\server\server\x64\debug\pch.obj
c:\users\nninn\onedrive\바탕 화면\endgame (83)\endgame\jwleegui_server\server\server\x64\debug\threadprocsocket.obj
c:\users\nninn\onedrive\바탕 화면\endgame (83)\endgame\jwleegui_server\server\server\x64\debug\synsocketserver.obj
c:\users\nninn\onedrive\바탕 화면\endgame (83)\endgame\jwleegui_server\server\server\x64\debug\serverdlg.obj
c:\users\nninn\onedrive\바탕 화면\endgame (83)\endgame\jwleegui_server\server\server\x64\debug\server.obj
c:\users\nninn\onedrive\바탕 화면\endgame (83)\endgame\jwleegui_server\server\server\x64\debug\runserver.obj
c:\users\nninn\onedrive\바탕 화면\endgame (83)\endgame\jwleegui_server\server\server\x64\debug\interrupt.obj
c:\users\nninn\onedrive\바탕 화면\endgame (83)\endgame\jwleegui_server\server\server\x64\debug\fileprocfun.obj
c:\users\nninn\onedrive\바탕 화면\endgame (83)\endgame\jwleegui_server\server\server\x64\debug\conversionlib.obj
c:\users\nninn\onedrive\바탕 화면\endgame (83)\endgame\jwleegui_server\server\server\x64\debug\consolecontroller.obj
c:\users\nninn\onedrive\바탕 화면\endgame (83)\endgame\jwleegui_server\server\start\server.exe
c:\users\nninn\onedrive\바탕 화면\endgame (83)\endgame\jwleegui_server\server\server\x64\debug\server.ilk
c:\users\nninn\onedrive\바탕 화면\endgame (83)\endgame\jwleegui_server\server\start\server.pdb
c:\users\nninn\onedrive\바탕 화면\endgame (83)\endgame\jwleegui_server\server\server\x64\debug\server.res
c:\users\nninn\onedrive\바탕 화면\endgame (83)\endgame\jwleegui_server\server\server\..\start\server.pdb
c:\users\nninn\onedrive\바탕 화면\endgame (83)\endgame\jwleegui_server\server\server\x64\debug\server.tlog\cl.command.1.tlog
c:\users\nninn\onedrive\바탕 화면\endgame (83)\endgame\jwleegui_server\server\server\x64\debug\server.tlog\cl.read.1.tlog
c:\users\nninn\onedrive\바탕 화면\endgame (83)\endgame\jwleegui_server\server\server\x64\debug\server.tlog\cl.write.1.tlog
c:\users\nninn\onedrive\바탕 화면\endgame (83)\endgame\jwleegui_server\server\server\x64\debug\server.tlog\link.command.1.tlog
c:\users\nninn\onedrive\바탕 화면\endgame (83)\endgame\jwleegui_server\server\server\x64\debug\server.tlog\link.read.1.tlog
c:\users\nninn\onedrive\바탕 화면\endgame (83)\endgame\jwleegui_server\server\server\x64\debug\server.tlog\link.write.1.tlog
c:\users\nninn\onedrive\바탕 화면\endgame (83)\endgame\jwleegui_server\server\server\x64\debug\server.tlog\rc.command.1.tlog
c:\users\nninn\onedrive\바탕 화면\endgame (83)\endgame\jwleegui_server\server\server\x64\debug\server.tlog\rc.read.1.tlog
c:\users\nninn\onedrive\바탕 화면\endgame (83)\endgame\jwleegui_server\server\server\x64\debug\server.tlog\rc.write.1.tlog
