c:\users\lges\desktop\jwlee\mfc (6)\mfc\mfc\debug\mfc.pch
c:\users\lges\desktop\jwlee\mfc (6)\mfc\mfc\debug\vc143.pdb
c:\users\lges\desktop\jwlee\mfc (6)\mfc\mfc\debug\vc143.idb
c:\users\lges\desktop\jwlee\mfc (6)\mfc\mfc\debug\pch.obj
c:\users\lges\desktop\jwlee\mfc (6)\mfc\mfc\debug\dlgmfcmain.obj
c:\users\lges\desktop\jwlee\mfc (6)\mfc\mfc\debug\mfc.obj
c:\users\lges\desktop\jwlee\mfc (6)\mfc\mfc\debug\dlguicontroltutorialsecond.obj
c:\users\lges\desktop\jwlee\mfc (6)\mfc\mfc\debug\dlgthreadtutorialeight.obj
c:\users\lges\desktop\jwlee\mfc (6)\mfc\mfc\debug\dlgsubparent.obj
c:\users\lges\desktop\jwlee\mfc (6)\mfc\mfc\debug\dlgsockettutorialnine.obj
c:\users\lges\desktop\jwlee\mfc (6)\mfc\mfc\debug\dlgpointertutorialfive.obj
c:\users\lges\desktop\jwlee\mfc (6)\mfc\mfc\debug\dlgmsgseven.obj
c:\users\lges\desktop\jwlee\mfc (6)\mfc\mfc\debug\dlgininheritancetutorialsix.obj
c:\users\lges\desktop\jwlee\mfc (6)\mfc\mfc\debug\dlgimagetutorialttird.obj
c:\users\lges\desktop\jwlee\mfc (6)\mfc\mfc\debug\dlgfileopentutorialfirst.obj
c:\users\lges\desktop\jwlee\mfc (6)\mfc\mfc\debug\dlgarraytutorialtfour.obj
c:\users\lges\desktop\jwlee\mfc (6)\mfc\debug\mfc.exe
c:\users\lges\desktop\jwlee\mfc (6)\mfc\mfc\debug\mfc.ilk
c:\users\lges\desktop\jwlee\mfc (6)\mfc\debug\mfc.pdb
c:\users\lges\desktop\jwlee\mfc (6)\mfc\mfc\debug\mfc.res
c:\users\lges\desktop\jwlee\mfc (6)\mfc\mfc\debug\mfc.tlog\cl.command.1.tlog
c:\users\lges\desktop\jwlee\mfc (6)\mfc\mfc\debug\mfc.tlog\cl.read.1.tlog
c:\users\lges\desktop\jwlee\mfc (6)\mfc\mfc\debug\mfc.tlog\cl.write.1.tlog
c:\users\lges\desktop\jwlee\mfc (6)\mfc\mfc\debug\mfc.tlog\link.command.1.tlog
c:\users\lges\desktop\jwlee\mfc (6)\mfc\mfc\debug\mfc.tlog\link.read.1.tlog
c:\users\lges\desktop\jwlee\mfc (6)\mfc\mfc\debug\mfc.tlog\link.write.1.tlog
c:\users\lges\desktop\jwlee\mfc (6)\mfc\mfc\debug\mfc.tlog\rc.command.1.tlog
c:\users\lges\desktop\jwlee\mfc (6)\mfc\mfc\debug\mfc.tlog\rc.read.1.tlog
c:\users\lges\desktop\jwlee\mfc (6)\mfc\mfc\debug\mfc.tlog\rc.write.1.tlog
